mode: atomic
github.com/emersion/go-smtp/backendutil/transform.go:18.103,20.16 2 3
github.com/emersion/go-smtp/backendutil/transform.go:23.2,23.54 1 3
github.com/emersion/go-smtp/backendutil/transform.go:20.16,22.3 1 0
github.com/emersion/go-smtp/backendutil/transform.go:32.36,34.2 1 3
github.com/emersion/go-smtp/backendutil/transform.go:36.71,38.2 1 2
github.com/emersion/go-smtp/backendutil/transform.go:40.76,41.31 1 3
github.com/emersion/go-smtp/backendutil/transform.go:48.2,48.35 1 3
github.com/emersion/go-smtp/backendutil/transform.go:41.31,44.17 3 3
github.com/emersion/go-smtp/backendutil/transform.go:44.17,46.4 1 0
github.com/emersion/go-smtp/backendutil/transform.go:51.50,52.31 1 3
github.com/emersion/go-smtp/backendutil/transform.go:59.2,59.27 1 3
github.com/emersion/go-smtp/backendutil/transform.go:52.31,55.17 3 3
github.com/emersion/go-smtp/backendutil/transform.go:55.17,57.4 1 0
github.com/emersion/go-smtp/backendutil/transform.go:62.52,63.31 1 3
github.com/emersion/go-smtp/backendutil/transform.go:70.2,70.26 1 3
github.com/emersion/go-smtp/backendutil/transform.go:63.31,66.17 3 3
github.com/emersion/go-smtp/backendutil/transform.go:66.17,68.4 1 0
github.com/emersion/go-smtp/backendutil/transform.go:73.43,75.2 1 3
